<?xml version="1.0" encoding="UTF-8"?>
<!-- Generated by org.testng.reporters.JUnitReportReporter -->
<testsuite skipped="0" hostname="LAPTOP-U499ULHF" name="Test.Test1" tests="1" failures="0" timestamp="2021-04-08T11:39:46 IST" time="28.538" errors="0">
  <testcase name="PrintAllPhonesName" time="28.538" classname="Test.Test1"/>
  <system-out/>
</testsuite> <!-- Test.Test1 -->
